<?xml version="1.0" encoding="UTF-8"?>
<coverage generated="1569317057686" clover="3.2.0">
  <project timestamp="1569317057687" name="All files">
    <metrics statements="18" coveredstatements="18" conditionals="4" coveredconditionals="4" methods="2" coveredmethods="2" elements="24" coveredelements="24" complexity="0" loc="18" ncloc="18" packages="1" files="1" classes="1">
      <file name="bubbleSort.js" path="/Users/zo11o/www/leetcode/code/sort/bubbleSort.js">
        <metrics statements="18" coveredstatements="18" conditionals="4" coveredconditionals="4" methods="2" coveredmethods="2"/>
        <line num="9" count="1" type="stmt"/>
        <line num="10" count="1" type="stmt"/>
        <line num="11" count="11" type="stmt"/>
        <line num="13" count="55" type="cond" truecount="2" falsecount="0"/>
        <line num="14" count="30" type="stmt"/>
        <line num="15" count="30" type="stmt"/>
        <line num="16" count="30" type="stmt"/>
        <line num="20" count="1" type="stmt"/>
        <line num="23" count="1" type="stmt"/>
        <line num="24" count="1" type="stmt"/>
        <line num="28" count="2" type="stmt"/>
        <line num="29" count="2" type="stmt"/>
        <line num="30" count="12" type="stmt"/>
        <line num="32" count="55" type="cond" truecount="2" falsecount="0"/>
        <line num="33" count="30" type="stmt"/>
        <line num="34" count="30" type="stmt"/>
        <line num="35" count="30" type="stmt"/>
        <line num="39" count="2" type="stmt"/>
      </file>
    </metrics>
  </project>
</coverage>
