{"/Users/zo11o/www/leetcode/code/sort/bubbleSort.js": {"path":"/Users/zo11o/www/leetcode/code/sort/bubbleSort.js","statementMap":{"0":{"start":{"line":9,"column":12},"end":{"line":9,"column":22}},"1":{"start":{"line":10,"column":2},"end":{"line":19,"column":3}},"2":{"start":{"line":11,"column":4},"end":{"line":18,"column":5}},"3":{"start":{"line":13,"column":6},"end":{"line":17,"column":7}},"4":{"start":{"line":14,"column":8},"end":{"line":14,"column":21}},"5":{"start":{"line":15,"column":8},"end":{"line":15,"column":27}},"6":{"start":{"line":16,"column":8},"end":{"line":16,"column":25}},"7":{"start":{"line":20,"column":2},"end":{"line":20,"column":12}},"8":{"start":{"line":23,"column":10},"end":{"line":23,"column":48}},"9":{"start":{"line":24,"column":0},"end":{"line":24,"column":28}},"10":{"start":{"line":28,"column":12},"end":{"line":28,"column":22}},"11":{"start":{"line":29,"column":2},"end":{"line":38,"column":3}},"12":{"start":{"line":30,"column":4},"end":{"line":37,"column":5}},"13":{"start":{"line":32,"column":6},"end":{"line":36,"column":7}},"14":{"start":{"line":33,"column":8},"end":{"line":33,"column":21}},"15":{"start":{"line":34,"column":8},"end":{"line":34,"column":27}},"16":{"start":{"line":35,"column":8},"end":{"line":35,"column":25}},"17":{"start":{"line":39,"column":2},"end":{"line":39,"column":12}}},"fnMap":{"0":{"name":"bubbleSort","decl":{"start":{"line":7,"column":9},"end":{"line":7,"column":19}},"loc":{"start":{"line":7,"column":26},"end":{"line":21,"column":1}},"line":7},"1":{"name":"(anonymous_1)","decl":{"start":{"line":26,"column":15},"end":{"line":26,"column":16}},"loc":{"start":{"line":26,"column":24},"end":{"line":40,"column":1}},"line":26}},"branchMap":{"0":{"loc":{"start":{"line":13,"column":6},"end":{"line":17,"column":7}},"type":"if","locations":[{"start":{"line":13,"column":6},"end":{"line":17,"column":7}},{"start":{"line":13,"column":6},"end":{"line":17,"column":7}}],"line":13},"1":{"loc":{"start":{"line":32,"column":6},"end":{"line":36,"column":7}},"type":"if","locations":[{"start":{"line":32,"column":6},"end":{"line":36,"column":7}},{"start":{"line":32,"column":6},"end":{"line":36,"column":7}}],"line":32}},"s":{"0":1,"1":1,"2":11,"3":55,"4":30,"5":30,"6":30,"7":1,"8":1,"9":1,"10":2,"11":2,"12":12,"13":55,"14":30,"15":30,"16":30,"17":2},"f":{"0":1,"1":2},"b":{"0":[30,25],"1":[30,25]},"_coverageSchema":"332fd63041d2c1bcb487cc26dd0d5f7d97098a6c","hash":"3f5eacc8eca967e0bf17fdb847fb828eda6aabfc"}
}
